#
# There is insufficient memory for the Java Runtime Environment to continue.
# Native memory allocation (malloc) failed to allocate 32744 bytes for ChunkPool::allocate
# Possible reasons:
#   The system is out of physical RAM or swap space
#   In 32 bit mode, the process size limit was hit
# Possible solutions:
#   Reduce memory load on the system
#   Increase physical memory or swap space
#   Check if swap backing store is full
#   Use 64 bit Java on a 64 bit OS
#   Decrease Java heap size (-Xmx/-Xms)
#   Decrease number of Java threads
#   Decrease Java thread stack sizes (-Xss)
#   Set larger code cache with -XX:ReservedCodeCacheSize=
# This output file may be truncated or incomplete.
#
#  Out of Memory Error (allocation.cpp:273), pid=50328, tid=0x0000000000010ef4
#
# JRE version: Java(TM) SE Runtime Environment (8.0_141-b15) (build 1.8.0_141-b15)
# Java VM: Java HotSpot(TM) 64-Bit Server VM (25.141-b15 mixed mode windows-amd64 compressed oops)
# Failed to write core dump. Minidumps are not enabled by default on client versions of Windows
#

---------------  T H R E A D  ---------------

Current thread (0x0000000020d8b800):  JavaThread "C1 CompilerThread10" daemon [_thread_in_native, id=69364, stack(0x0000000021b70000,0x0000000021c70000)]

Stack: [0x0000000021b70000,0x0000000021c70000]
[error occurred during error reporting (printing stack bounds), id 0xc0000005]

Native frames: (J=compiled Java code, j=interpreted, Vv=VM code, C=native code)


Current CompileTask:
C1:   6427 3963   !   1       com.mysql.cj.jdbc.result.ResultSetImpl::getObject (1039 bytes)


---------------  P R O C E S S  ---------------

Java Threads: ( => current thread )
  0x0000000024ea1800 JavaThread "HikariPool-1 connection adder" daemon [_thread_in_native, id=65344, stack(0x00000000268c0000,0x00000000269c0000)]
  0x0000000024ea0000 JavaThread "HikariPool-1 housekeeper" daemon [_thread_blocked, id=64324, stack(0x00000000265c0000,0x00000000266c0000)]
  0x0000000024ea2000 JavaThread "mysql-cj-abandoned-connection-cleanup" daemon [_thread_blocked, id=15704, stack(0x00000000262c0000,0x00000000263c0000)]
  0x0000000024e9f000 JavaThread "container-0" [_thread_blocked, id=67260, stack(0x00000000261c0000,0x00000000262c0000)]
  0x0000000024e30000 JavaThread "Catalina-utility-2" [_thread_blocked, id=63100, stack(0x00000000260c0000,0x00000000261c0000)]
  0x0000000024e44000 JavaThread "Catalina-utility-1" [_thread_blocked, id=69072, stack(0x0000000025fc0000,0x00000000260c0000)]
  0x0000000022799800 JavaThread "Keep-Alive-Timer" daemon [_thread_blocked, id=67980, stack(0x00000000244f0000,0x00000000245f0000)]
  0x000000002272a000 JavaThread "com.alibaba.nacos.client.Worker.fixed-47.102.148.102_8848" daemon [_thread_blocked, id=68660, stack(0x00000000243f0000,0x00000000244f0000)]
  0x00000000226d9800 JavaThread "com.alibaba.nacos.client.config.security.updater" daemon [_thread_blocked, id=65224, stack(0x00000000242f0000,0x00000000243f0000)]
  0x00000000226d8800 JavaThread "Timer-0" daemon [_thread_blocked, id=67896, stack(0x00000000241f0000,0x00000000242f0000)]
  0x0000000022252000 JavaThread "RMI Scheduler(0)" daemon [_thread_blocked, id=67688, stack(0x00000000237f0000,0x00000000238f0000)]
  0x00000000221c0800 JavaThread "RMI TCP Connection(1)-192.168.157.1" daemon [_thread_in_native, id=66776, stack(0x00000000236f0000,0x00000000237f0000)]
  0x0000000021f81000 JavaThread "RMI TCP Accept-0" daemon [_thread_in_native, id=25552, stack(0x0000000022f40000,0x0000000023040000)]
  0x0000000020e4d000 JavaThread "Service Thread" daemon [_thread_blocked, id=28552, stack(0x0000000021e70000,0x0000000021f70000)]
  0x0000000020d99800 JavaThread "C1 CompilerThread11" daemon [_thread_blocked, id=63836, stack(0x0000000021c70000,0x0000000021d70000)]
=>0x0000000020d8b800 JavaThread "C1 CompilerThread10" daemon [_thread_in_native, id=69364, stack(0x0000000021b70000,0x0000000021c70000)]
  0x0000000020d8b000 JavaThread "C1 CompilerThread9" daemon [_thread_blocked, id=66928, stack(0x0000000021a70000,0x0000000021b70000)]
  0x0000000020d8a000 JavaThread "C1 CompilerThread8" daemon [_thread_blocked, id=61452, stack(0x0000000021970000,0x0000000021a70000)]
  0x0000000020d79800 JavaThread "C2 CompilerThread7" daemon [_thread_blocked, id=7460, stack(0x0000000021870000,0x0000000021970000)]
  0x0000000020d76800 JavaThread "C2 CompilerThread6" daemon [_thread_blocked, id=51744, stack(0x0000000021770000,0x0000000021870000)]
  0x0000000020d74000 JavaThread "C2 CompilerThread5" daemon [_thread_blocked, id=54656, stack(0x0000000021670000,0x0000000021770000)]
  0x0000000020d6b000 JavaThread "C2 CompilerThread4" daemon [_thread_blocked, id=56888, stack(0x0000000021570000,0x0000000021670000)]
  0x0000000020d6a000 JavaThread "C2 CompilerThread3" daemon [_thread_blocked, id=69212, stack(0x0000000021470000,0x0000000021570000)]
  0x0000000020d65800 JavaThread "C2 CompilerThread2" daemon [_thread_blocked, id=29224, stack(0x0000000021370000,0x0000000021470000)]
  0x0000000020d63800 JavaThread "C2 CompilerThread1" daemon [_thread_blocked, id=2240, stack(0x0000000021270000,0x0000000021370000)]
  0x0000000020d61000 JavaThread "C2 CompilerThread0" daemon [_thread_blocked, id=21344, stack(0x0000000021170000,0x0000000021270000)]
  0x0000000020ca7000 JavaThread "Monitor Ctrl-Break" daemon [_thread_in_native, id=69244, stack(0x0000000021070000,0x0000000021170000)]
  0x000000001ed8b000 JavaThread "Attach Listener" daemon [_thread_blocked, id=69336, stack(0x0000000020770000,0x0000000020870000)]
  0x000000001ed88800 JavaThread "Signal Dispatcher" daemon [_thread_blocked, id=17664, stack(0x0000000020670000,0x0000000020770000)]
  0x000000001d29e000 JavaThread "Finalizer" daemon [_thread_blocked, id=69140, stack(0x0000000020570000,0x0000000020670000)]
  0x000000001d292800 JavaThread "Reference Handler" daemon [_thread_blocked, id=68784, stack(0x0000000020470000,0x0000000020570000)]
  0x000000000358b000 JavaThread "main" [_thread_in_native, id=68396, stack(0x0000000003480000,0x0000000003580000)]

Other Threads:
  0x000000001ece4000 VMThread [stack: 0x0000000020370000,0x0000000020470000] [id=65280]
  0x0000000021f85800 WatcherThread [stack: 0x0000000023040000,0x0000000023140000] [id=59448]

VM state:not at safepoint (normal execution)

VM Mutex/Monitor currently owned by a thread: None

Heap:
 PSYoungGen      total 142848K, used 37793K [0x000000076e000000, 0x0000000778380000, 0x00000007c0000000)
  eden space 137216K, 27% used [0x000000076e000000,0x00000007704e8508,0x0000000776600000)
  from space 5632K, 0% used [0x0000000777e00000,0x0000000777e00000,0x0000000778380000)
  to   space 11776K, 0% used [0x0000000776c80000,0x0000000776c80000,0x0000000777800000)
 ParOldGen       total 94208K, used 19630K [0x00000006ca000000, 0x00000006cfc00000, 0x000000076e000000)
  object space 94208K, 20% used [0x00000006ca000000,0x00000006cb32b900,0x00000006cfc00000)
 Metaspace       used 39787K, capacity 41900K, committed 42368K, reserved 1091584K
  class space    used 5457K, capacity 5865K, committed 6016K, reserved 1048576K

Card table byte_map: [0x0000000012c10000,0x00000000133d0000] byte_map_base: 0x000000000f5c0000

Marking Bits: (ParMarkBitMap*) 0x000000005b07d850
 Begin Bits: [0x00000000145f0000, 0x0000000018370000)
 End Bits:   [0x0000000018370000, 0x000000001c0f0000)

Polling page: 0x0000000001670000

CodeCache: size=245760Kb used=9407Kb max_used=9407Kb free=236352Kb
 bounds [0x0000000003850000, 0x0000000004180000, 0x0000000012850000]
 total_blobs=4464 nmethods=3972 adapters=401
 compilation: enabled

Compilation events (10 events):
Event: 6.424 Thread 0x0000000020d8a000 3969   !   1       com.mysql.cj.jdbc.result.ResultSetImpl::getString (20 bytes)
Event: 6.424 Thread 0x0000000020d8a000 nmethod 3969 0x000000000417c790 code [0x000000000417c900, 0x000000000417caa8]
Event: 6.424 Thread 0x0000000020d8a000 3966       1       sun.nio.cs.US_ASCII::historicalName (3 bytes)
Event: 6.424 Thread 0x0000000020d8a000 nmethod 3966 0x000000000417cbd0 code [0x000000000417cd20, 0x000000000417ce30]
Event: 6.424 Thread 0x0000000020d8a000 3971       1       java.util.ArrayList$SubList$1::hasNext (20 bytes)
Event: 6.424 Thread 0x0000000020d8a000 nmethod 3971 0x000000000417ce90 code [0x000000000417cfe0, 0x000000000417d110]
Event: 6.424 Thread 0x0000000020d8a000 3973       1       java.util.ResourceBundle::getString (9 bytes)
Event: 6.424 Thread 0x0000000020d8a000 nmethod 3973 0x000000000417d190 code [0x000000000417d300, 0x000000000417d468]
Event: 6.425 Thread 0x0000000020d8b000 nmethod 3970 0x000000000417d510 code [0x000000000417d700, 0x000000000417de48]
Event: 6.425 Thread 0x0000000020d99800 nmethod 3965 0x000000000417e310 code [0x000000000417e580, 0x000000000417f148]

GC Heap History (10 events):
Event: 4.204 GC heap before
{Heap before GC invocations=9 (full 1):
 PSYoungGen      total 116224K, used 116222K [0x000000076e000000, 0x0000000775b80000, 0x00000007c0000000)
  eden space 105984K, 100% used [0x000000076e000000,0x0000000774780000,0x0000000774780000)
  from space 10240K, 99% used [0x0000000774780000,0x000000077517f870,0x0000000775180000)
  to   space 10240K, 0% used [0x0000000775180000,0x0000000775180000,0x0000000775b80000)
 ParOldGen       total 94208K, used 8376K [0x00000006ca000000, 0x00000006cfc00000, 0x000000076e000000)
  object space 94208K, 8% used [0x00000006ca000000,0x00000006ca82e010,0x00000006cfc00000)
 Metaspace       used 31363K, capacity 33284K, committed 33536K, reserved 1079296K
  class space    used 4238K, capacity 4606K, committed 4608K, reserved 1048576K
Event: 4.210 GC heap after
Heap after GC invocations=9 (full 1):
 PSYoungGen      total 116224K, used 8931K [0x000000076e000000, 0x0000000775b80000, 0x00000007c0000000)
  eden space 105984K, 0% used [0x000000076e000000,0x000000076e000000,0x0000000774780000)
  from space 10240K, 87% used [0x0000000775180000,0x0000000775a38d68,0x0000000775b80000)
  to   space 10240K, 0% used [0x0000000774780000,0x0000000774780000,0x0000000775180000)
 ParOldGen       total 94208K, used 10184K [0x00000006ca000000, 0x00000006cfc00000, 0x000000076e000000)
  object space 94208K, 10% used [0x00000006ca000000,0x00000006ca9f2060,0x00000006cfc00000)
 Metaspace       used 31363K, capacity 33284K, committed 33536K, reserved 1079296K
  class space    used 4238K, capacity 4606K, committed 4608K, reserved 1048576K
}
Event: 4.410 GC heap before
{Heap before GC invocations=10 (full 1):
 PSYoungGen      total 116224K, used 46781K [0x000000076e000000, 0x0000000775b80000, 0x00000007c0000000)
  eden space 105984K, 35% used [0x000000076e000000,0x00000007704f66c8,0x0000000774780000)
  from space 10240K, 87% used [0x0000000775180000,0x0000000775a38d68,0x0000000775b80000)
  to   space 10240K, 0% used [0x0000000774780000,0x0000000774780000,0x0000000775180000)
 ParOldGen       total 94208K, used 10184K [0x00000006ca000000, 0x00000006cfc00000, 0x000000076e000000)
  object space 94208K, 10% used [0x00000006ca000000,0x00000006ca9f2060,0x00000006cfc00000)
 Metaspace       used 33393K, capacity 35360K, committed 35496K, reserved 1079296K
  class space    used 4508K, capacity 4862K, committed 4864K, reserved 1048576K
Event: 4.415 GC heap after
Heap after GC invocations=10 (full 1):
 PSYoungGen      total 116224K, used 7760K [0x000000076e000000, 0x0000000778980000, 0x00000007c0000000)
  eden space 105984K, 0% used [0x000000076e000000,0x000000076e000000,0x0000000774780000)
  from space 10240K, 75% used [0x0000000774780000,0x0000000774f14378,0x0000000775180000)
  to   space 11776K, 0% used [0x0000000777e00000,0x0000000777e00000,0x0000000778980000)
 ParOldGen       total 94208K, used 11969K [0x00000006ca000000, 0x00000006cfc00000, 0x000000076e000000)
  object space 94208K, 12% used [0x00000006ca000000,0x00000006cabb0480,0x00000006cfc00000)
 Metaspace       used 33393K, capacity 35360K, committed 35496K, reserved 1079296K
  class space    used 4508K, capacity 4862K, committed 4864K, reserved 1048576K
}
Event: 4.415 GC heap before
{Heap before GC invocations=11 (full 2):
 PSYoungGen      total 116224K, used 7760K [0x000000076e000000, 0x0000000778980000, 0x00000007c0000000)
  eden space 105984K, 0% used [0x000000076e000000,0x000000076e000000,0x0000000774780000)
  from space 10240K, 75% used [0x0000000774780000,0x0000000774f14378,0x0000000775180000)
  to   space 11776K, 0% used [0x0000000777e00000,0x0000000777e00000,0x0000000778980000)
 ParOldGen       total 94208K, used 11969K [0x00000006ca000000, 0x00000006cfc00000, 0x000000076e000000)
  object space 94208K, 12% used [0x00000006ca000000,0x00000006cabb0480,0x00000006cfc00000)
 Metaspace       used 33393K, capacity 35360K, committed 35496K, reserved 1079296K
  class space    used 4508K, capacity 4862K, committed 4864K, reserved 1048576K
Event: 4.470 GC heap after
Heap after GC invocations=11 (full 2):
 PSYoungGen      total 116224K, used 0K [0x000000076e000000, 0x0000000778980000, 0x00000007c0000000)
  eden space 105984K, 0% used [0x000000076e000000,0x000000076e000000,0x0000000774780000)
  from space 10240K, 0% used [0x0000000774780000,0x0000000774780000,0x0000000775180000)
  to   space 11776K, 0% used [0x0000000777e00000,0x0000000777e00000,0x0000000778980000)
 ParOldGen       total 94208K, used 16232K [0x00000006ca000000, 0x00000006cfc00000, 0x000000076e000000)
  object space 94208K, 17% used [0x00000006ca000000,0x00000006cafda218,0x00000006cfc00000)
 Metaspace       used 33393K, capacity 35360K, committed 35496K, reserved 1079296K
  class space    used 4508K, capacity 4862K, committed 4864K, reserved 1048576K
}
Event: 6.015 GC heap before
{Heap before GC invocations=12 (full 2):
 PSYoungGen      total 116224K, used 73579K [0x000000076e000000, 0x0000000778980000, 0x00000007c0000000)
  eden space 105984K, 69% used [0x000000076e000000,0x00000007727dafe0,0x0000000774780000)
  from space 10240K, 0% used [0x0000000774780000,0x0000000774780000,0x0000000775180000)
  to   space 11776K, 0% used [0x0000000777e00000,0x0000000777e00000,0x0000000778980000)
 ParOldGen       total 94208K, used 16232K [0x00000006ca000000, 0x00000006cfc00000, 0x000000076e000000)
  object space 94208K, 17% used [0x00000006ca000000,0x00000006cafda218,0x00000006cfc00000)
 Metaspace       used 37819K, capacity 39920K, committed 40192K, reserved 1097728K
  class space    used 5097K, capacity 5503K, committed 5632K, reserved 1048576K
Event: 6.020 GC heap after
Heap after GC invocations=12 (full 2):
 PSYoungGen      total 142848K, used 5513K [0x000000076e000000, 0x0000000778380000, 0x00000007c0000000)
  eden space 137216K, 0% used [0x000000076e000000,0x000000076e000000,0x0000000776600000)
  from space 5632K, 97% used [0x0000000777e00000,0x0000000778362608,0x0000000778380000)
  to   space 11776K, 0% used [0x0000000776c80000,0x0000000776c80000,0x0000000777800000)
 ParOldGen       total 94208K, used 16240K [0x00000006ca000000, 0x00000006cfc00000, 0x000000076e000000)
  object space 94208K, 17% used [0x00000006ca000000,0x00000006cafdc218,0x00000006cfc00000)
 Metaspace       used 37819K, capacity 39920K, committed 40192K, reserved 1097728K
  class space    used 5097K, capacity 5503K, committed 5632K, reserved 1048576K
}
Event: 6.020 GC heap before
{Heap before GC invocations=13 (full 3):
 PSYoungGen      total 142848K, used 5513K [0x000000076e000000, 0x0000000778380000, 0x00000007c0000000)
  eden space 137216K, 0% used [0x000000076e000000,0x000000076e000000,0x0000000776600000)
  from space 5632K, 97% used [0x0000000777e00000,0x0000000778362608,0x0000000778380000)
  to   space 11776K, 0% used [0x0000000776c80000,0x0000000776c80000,0x0000000777800000)
 ParOldGen       total 94208K, used 16240K [0x00000006ca000000, 0x00000006cfc00000, 0x000000076e000000)
  object space 94208K, 17% used [0x00000006ca000000,0x00000006cafdc218,0x00000006cfc00000)
 Metaspace       used 37819K, capacity 39920K, committed 40192K, reserved 1097728K
  class space    used 5097K, capacity 5503K, committed 5632K, reserved 1048576K
Event: 6.128 GC heap after
Heap after GC invocations=13 (full 3):
 PSYoungGen      total 142848K, used 0K [0x000000076e000000, 0x0000000778380000, 0x00000007c0000000)
  eden space 137216K, 0% used [0x000000076e000000,0x000000076e000000,0x0000000776600000)
  from space 5632K, 0% used [0x0000000777e00000,0x0000000777e00000,0x0000000778380000)
  to   space 11776K, 0% used [0x0000000776c80000,0x0000000776c80000,0x0000000777800000)
 ParOldGen       total 94208K, used 19630K [0x00000006ca000000, 0x00000006cfc00000, 0x000000076e000000)
  object space 94208K, 20% used [0x00000006ca000000,0x00000006cb32b900,0x00000006cfc00000)
 Metaspace       used 37819K, capacity 39920K, committed 40192K, reserved 1091584K
  class space    used 5097K, capacity 5503K, committed 5632K, reserved 1048576K
}

Deoptimization events (0 events):
No events

Internal exceptions (10 events):
Event: 4.286 Thread 0x000000000358b000 Exception <a 'java/lang/ArrayIndexOutOfBoundsException'> (0x000000076ede0d30) thrown at [C:\re\workspace\8-2-build-windows-amd64-cygwin\jdk8u141\9370\hotspot\src\share\vm\runtime\sharedRuntime.cpp, line 605]
Event: 4.287 Thread 0x000000000358b000 Exception <a 'java/lang/ArrayIndexOutOfBoundsException'> (0x000000076ee11698) thrown at [C:\re\workspace\8-2-build-windows-amd64-cygwin\jdk8u141\9370\hotspot\src\share\vm\runtime\sharedRuntime.cpp, line 605]
Event: 4.296 Thread 0x000000000358b000 Exception <a 'java/lang/NoSuchMethodError': java.lang.Object.lambda$static$0(Ljava/lang/Object;)Ljava/lang/Object;> (0x000000076ef6bf98) thrown at [C:\re\workspace\8-2-build-windows-amd64-cygwin\jdk8u141\9370\hotspot\src\share\vm\interpreter\linkResolver.
Event: 4.316 Thread 0x000000000358b000 Exception <a 'java/lang/ArrayIndexOutOfBoundsException'> (0x000000076f3a99f0) thrown at [C:\re\workspace\8-2-build-windows-amd64-cygwin\jdk8u141\9370\hotspot\src\share\vm\runtime\sharedRuntime.cpp, line 605]
Event: 4.319 Thread 0x000000000358b000 Exception <a 'java/lang/ArrayIndexOutOfBoundsException'> (0x000000076f3dde68) thrown at [C:\re\workspace\8-2-build-windows-amd64-cygwin\jdk8u141\9370\hotspot\src\share\vm\runtime\sharedRuntime.cpp, line 605]
Event: 4.319 Thread 0x000000000358b000 Exception <a 'java/lang/ArrayIndexOutOfBoundsException'> (0x000000076f3f6c30) thrown at [C:\re\workspace\8-2-build-windows-amd64-cygwin\jdk8u141\9370\hotspot\src\share\vm\runtime\sharedRuntime.cpp, line 605]
Event: 4.581 Thread 0x00000000221c0800 Exception <a 'java/lang/reflect/InvocationTargetException'> (0x000000076e6e2728) thrown at [C:\re\workspace\8-2-build-windows-amd64-cygwin\jdk8u141\9370\hotspot\src\share\vm\runtime\reflection.cpp, line 1092]
Event: 5.092 Thread 0x00000000221c0800 Exception <a 'java/lang/reflect/InvocationTargetException'> (0x000000076e6f0d40) thrown at [C:\re\workspace\8-2-build-windows-amd64-cygwin\jdk8u141\9370\hotspot\src\share\vm\runtime\reflection.cpp, line 1092]
Event: 5.605 Thread 0x00000000221c0800 Exception <a 'java/lang/reflect/InvocationTargetException'> (0x000000076ee106e8) thrown at [C:\re\workspace\8-2-build-windows-amd64-cygwin\jdk8u141\9370\hotspot\src\share\vm\runtime\reflection.cpp, line 1092]
Event: 6.131 Thread 0x00000000221c0800 Exception <a 'java/lang/reflect/InvocationTargetException'> (0x000000076e009c30) thrown at [C:\re\workspace\8-2-build-windows-amd64-cygwin\jdk8u141\9370\hotspot\src\share\vm\runtime\reflection.cpp, line 1092]

Events (10 events):
Event: 6.425 loading class org/hibernate/internal/CoreMessageLogger_$logger_zh
Event: 6.425 loading class org/hibernate/internal/CoreMessageLogger_$logger_zh done
Event: 6.425 loading class com/mysql/cj/jdbc/Clob
Event: 6.425 loading class com/mysql/cj/jdbc/Clob done
Event: 6.426 loading class com/mysql/cj/protocol/OutputStreamWatcher
Event: 6.426 loading class com/mysql/cj/protocol/OutputStreamWatcher done
Event: 6.426 loading class com/mysql/cj/protocol/WriterWatcher
Event: 6.426 loading class com/mysql/cj/protocol/WriterWatcher done
Event: 6.426 loading class com/mysql/cj/protocol/WatchableStream
Event: 6.426 loading class com/mysql/cj/protocol/WatchableStream done


Dynamic libraries:
0x00007ff7debc0000 - 0x00007ff7debf7000 	C:\JDK1.8\jdk8\bin\java.exe
0x00007ff95c250000 - 0x00007ff95c462000 	C:\WINDOWS\SYSTEM32\ntdll.dll
0x00007ff95b7b0000 - 0x00007ff95b872000 	C:\WINDOWS\System32\KERNEL32.DLL
0x00007ff959cd0000 - 0x00007ff95a06b000 	C:\WINDOWS\System32\KERNELBASE.dll
0x00007ff95a4a0000 - 0x00007ff95a54e000 	C:\WINDOWS\System32\ADVAPI32.dll
0x00007ff95a7e0000 - 0x00007ff95a885000 	C:\WINDOWS\System32\msvcrt.dll
0x00007ff95a320000 - 0x00007ff95a3c4000 	C:\WINDOWS\System32\sechost.dll
0x00007ff95b880000 - 0x00007ff95b995000 	C:\WINDOWS\System32\RPCRT4.dll
0x00007ff95a070000 - 0x00007ff95a21b000 	C:\WINDOWS\System32\USER32.dll
0x00007ff9596a0000 - 0x00007ff9596c6000 	C:\WINDOWS\System32\win32u.dll
0x00007ff95c1e0000 - 0x00007ff95c209000 	C:\WINDOWS\System32\GDI32.dll
0x00007ff959a90000 - 0x00007ff959ba8000 	C:\WINDOWS\System32\gdi32full.dll
0x00007ff959880000 - 0x00007ff95991a000 	C:\WINDOWS\System32\msvcp_win.dll
0x00007ff959bb0000 - 0x00007ff959cc1000 	C:\WINDOWS\System32\ucrtbase.dll
0x00007ff93cc80000 - 0x00007ff93cf0e000 	C:\WINDOWS\WinSxS\amd64_microsoft.windows.common-controls_6595b64144ccf1df_6.0.22598.1_none_5f058c2d9dc925ef\COMCTL32.dll
0x00007ff95a430000 - 0x00007ff95a461000 	C:\WINDOWS\System32\IMM32.DLL
0x000000005b100000 - 0x000000005b1d2000 	C:\JDK1.8\jdk8\jre\bin\msvcr100.dll
0x000000005a860000 - 0x000000005b0fd000 	C:\JDK1.8\jdk8\jre\bin\server\jvm.dll
0x00007ff95a420000 - 0x00007ff95a428000 	C:\WINDOWS\System32\PSAPI.DLL
0x00007ff954f50000 - 0x00007ff954f84000 	C:\WINDOWS\SYSTEM32\WINMM.dll
0x00007ff935ce0000 - 0x00007ff935ce9000 	C:\WINDOWS\SYSTEM32\WSOCK32.dll
0x00007ff95a5c0000 - 0x00007ff95a631000 	C:\WINDOWS\System32\WS2_32.dll
0x00007ff94e270000 - 0x00007ff94e27a000 	C:\WINDOWS\SYSTEM32\VERSION.dll
0x000000005a850000 - 0x000000005a85f000 	C:\JDK1.8\jdk8\jre\bin\verify.dll
0x000000005a820000 - 0x000000005a849000 	C:\JDK1.8\jdk8\jre\bin\java.dll
0x000000005a790000 - 0x000000005a7b3000 	C:\JDK1.8\jdk8\jre\bin\instrument.dll
0x000000005a800000 - 0x000000005a816000 	C:\JDK1.8\jdk8\jre\bin\zip.dll
0x00007ff95b9a0000 - 0x00007ff95c17c000 	C:\WINDOWS\System32\SHELL32.dll
0x00007ff9576a0000 - 0x00007ff957f56000 	C:\WINDOWS\SYSTEM32\windows.storage.dll
0x00007ff95ab40000 - 0x00007ff95aec6000 	C:\WINDOWS\System32\combase.dll
0x00007ff957560000 - 0x00007ff95769d000 	C:\WINDOWS\SYSTEM32\wintypes.dll
0x00007ff95aa40000 - 0x00007ff95ab31000 	C:\WINDOWS\System32\SHCORE.dll
0x00007ff95a550000 - 0x00007ff95a5ae000 	C:\WINDOWS\System32\shlwapi.dll
0x00007ff9595d0000 - 0x00007ff9595f1000 	C:\WINDOWS\SYSTEM32\profapi.dll
0x00007ff934270000 - 0x00007ff93428a000 	E:\IntelliJ IDEA 2021.2.1\bin\breakgen64.dll
0x000000005a7e0000 - 0x000000005a7fa000 	C:\JDK1.8\jdk8\jre\bin\net.dll
0x00007ff958b20000 - 0x00007ff958b89000 	C:\WINDOWS\system32\mswsock.dll
0x00007ff958220000 - 0x00007ff958312000 	C:\WINDOWS\SYSTEM32\DNSAPI.dll
0x00007ff9581f0000 - 0x00007ff95821d000 	C:\WINDOWS\SYSTEM32\IPHLPAPI.DLL
0x00007ff95a5b0000 - 0x00007ff95a5b9000 	C:\WINDOWS\System32\NSI.dll
0x00007ff950e50000 - 0x00007ff950e5a000 	C:\Windows\System32\rasadhlp.dll
0x00007ff951420000 - 0x00007ff9514a3000 	C:\WINDOWS\System32\fwpuclnt.dll
0x000000005a780000 - 0x000000005a78d000 	C:\JDK1.8\jdk8\jre\bin\management.dll
0x000000005a7c0000 - 0x000000005a7d1000 	C:\JDK1.8\jdk8\jre\bin\nio.dll
0x00007ff958e30000 - 0x00007ff958e4b000 	C:\WINDOWS\SYSTEM32\CRYPTSP.dll
0x00007ff958650000 - 0x00007ff958685000 	C:\WINDOWS\system32\rsaenh.dll
0x00007ff958bc0000 - 0x00007ff958be8000 	C:\WINDOWS\SYSTEM32\USERENV.dll
0x00007ff958fd0000 - 0x00007ff958ff8000 	C:\WINDOWS\SYSTEM32\bcrypt.dll
0x00007ff959790000 - 0x00007ff95980b000 	C:\WINDOWS\System32\bcryptprimitives.dll
0x00007ff958e10000 - 0x00007ff958e1c000 	C:\WINDOWS\SYSTEM32\CRYPTBASE.dll
0x00007ff952410000 - 0x00007ff952429000 	C:\WINDOWS\SYSTEM32\dhcpcsvc6.DLL
0x00007ff951f90000 - 0x00007ff951faf000 	C:\WINDOWS\SYSTEM32\dhcpcsvc.DLL
0x00007ff93cb90000 - 0x00007ff93cba7000 	C:\WINDOWS\system32\napinsp.dll
0x00007ff93cb70000 - 0x00007ff93cb8b000 	C:\WINDOWS\system32\pnrpnsp.dll
0x00007ff93b4c0000 - 0x00007ff93b4d1000 	C:\WINDOWS\System32\winrnr.dll
0x00007ff951640000 - 0x00007ff951655000 	C:\WINDOWS\system32\wshbth.dll
0x00007ff93b490000 - 0x00007ff93b4b1000 	C:\WINDOWS\system32\nlansp_c.dll

VM Arguments:
jvm_args: -XX:TieredStopAtLevel=1 -Xverify:none -Dspring.output.ansi.enabled=always -javaagent:E:\IntelliJ IDEA 2021.2.1\lib\idea_rt.jar=56069:E:\IntelliJ IDEA 2021.2.1\bin -Dcom.sun.management.jmxremote -Dspring.jmx.enabled=true -Dspring.liveBeansView.mbeanDomain -Dspring.application.admin.enabled=true -Dfile.encoding=UTF-8 
java_command: com.example.searchhospital.SearchHospitalApplication
java_class_path (initial): C:\JDK1.8\jdk8\jre\lib\charsets.jar;C:\JDK1.8\jdk8\jre\lib\deploy.jar;C:\JDK1.8\jdk8\jre\lib\ext\access-bridge-64.jar;C:\JDK1.8\jdk8\jre\lib\ext\cldrdata.jar;C:\JDK1.8\jdk8\jre\lib\ext\dnsns.jar;C:\JDK1.8\jdk8\jre\lib\ext\jaccess.jar;C:\JDK1.8\jdk8\jre\lib\ext\jfxrt.jar;C:\JDK1.8\jdk8\jre\lib\ext\localedata.jar;C:\JDK1.8\jdk8\jre\lib\ext\nashorn.jar;C:\JDK1.8\jdk8\jre\lib\ext\sunec.jar;C:\JDK1.8\jdk8\jre\lib\ext\sunjce_provider.jar;C:\JDK1.8\jdk8\jre\lib\ext\sunmscapi.jar;C:\JDK1.8\jdk8\jre\lib\ext\sunpkcs11.jar;C:\JDK1.8\jdk8\jre\lib\ext\zipfs.jar;C:\JDK1.8\jdk8\jre\lib\javaws.jar;C:\JDK1.8\jdk8\jre\lib\jce.jar;C:\JDK1.8\jdk8\jre\lib\jfr.jar;C:\JDK1.8\jdk8\jre\lib\jfxswt.jar;C:\JDK1.8\jdk8\jre\lib\jsse.jar;C:\JDK1.8\jdk8\jre\lib\management-agent.jar;C:\JDK1.8\jdk8\jre\lib\plugin.jar;C:\JDK1.8\jdk8\jre\lib\resources.jar;C:\JDK1.8\jdk8\jre\lib\rt.jar;Z:\123\Web-SOA\WebAndSOA\SearchHospital\target\test-classes;Z:\123\Web-SOA\WebAndSOA\SearchHospital\target\classes;C:\Users\Gu HungJou\.m2\repository\com\alibaba\cloud\spring-cloud-starter-alibaba-nacos-discovery\2.2.3.RELEASE\spring-cloud-starter-alibaba-nacos-discovery-2.2.3.RELEASE.jar;C:\Users\Gu HungJou\.m2\repository\com\alibaba\nacos\nacos-client\1.3.3\nacos-client-1.3.3.jar;C:\Users\Gu HungJou\.m2\repository\com\alibaba\nacos\nacos-common\1.3.3\nacos-common-1.3.3.jar;C:\Users\Gu HungJou\.m2\repository\commons-io\commons-io\2.2\commons-io-2.2.jar;C:\Users\Gu HungJou\.m2\repository\org\apache\httpcomponents\httpasyncclient\4.1.4\httpasyncclient-4.1.4.jar;C:\Users\Gu HungJou\.m2\repository\org\apache\httpcomponents\httpcore\4.4.14\httpcore-4.4.14.jar;C:\Users\Gu HungJou\.m2\repository\org\apache\httpcomponents\httpcore-nio\4.4.14\httpcore-nio-4.4.14.jar;C:\Users\Gu HungJou\.m2\repository\com\alibaba\nacos\nacos-api\1.3.3\nacos-api-1.3.3.jar;C:\Users\Gu HungJou\.m2\repository\org\apache\commons\commons-lang3\3.10\commons-lang3-3.10.jar;C:\Users\Gu HungJou\.m2\repository\com\google\guava\g
Launcher Type: SUN_STANDARD

Environment Variables:
JAVA_HOME=C:\JDK1.8\jdk8
CLASSPATH=.;C:\PROGRA~1\IBM\SQLLIB\java\db2java.zip;C:\PROGRA~1\IBM\SQLLIB\java\db2jcc.jar;C:\PROGRA~1\IBM\SQLLIB\java\sqlj.zip;C:\PROGRA~1\IBM\SQLLIB\java\DB2JCC~1.JAR;C:\PROGRA~1\IBM\SQLLIB\BIN;C:\PROGRA~1\IBM\SQLLIB\java\Common.jar
PATH=C:\python38\Scripts\;C:\python38\;C:\Python37\Scripts\;C:\Python37\;C:\Python39\Scripts\;C:\Python39\;C:\JDK1.8\jdk8\bin;C:\JDK1.8\jdk8\jre\bin;C:\ProgramData\Oracle\Java\javapath;E:\Program Files (x86)\VMware\VMware Workstation\bin\;C:\Program Files\Common Files\Oracle\Java\javapath;C:\Program Files (x86)\Common Files\Oracle\Java\javapath;C:\Program Files (x86)\NVIDIA Corporation\PhysX\Common;C:\oracle19\bin;C:\WINDOWS\system32;C:\WINDOWS;C:\WINDOWS\System32\Wbem;C:\WINDOWS\System32\WindowsPowerShell\v1.0\;C:\WINDOWS\System32\OpenSSH\;C:\Program Files\dotnet\;C:\Program Files\Microsoft SQL Server\130\Tools\Binn\;C:\Program Files\Microsoft SQL Server\Client SDK\ODBC\170\Tools\Binn\;C:\PLSQLDeveloper14\instantclient_11_2;Z:\Git\cmd;X:\java\bin;C:\Program Files (x86)\Devart\EntityDeveloper\Console;C:\mingw-w64-v8.0.2;Z:\;E:\IntelliJ IDEA 2021.2.1\plugins\maven\lib\maven3\bin;C:\Program Files (x86)\Tencent\微信web开发者工具\dll;C:\Program Files (x86)\NetSarang\Xshell 7\;C:\Program Files (x86)\NetSarang\Xftp 7\;C:\Program Files\Docker\Docker\resources\bin;C:\ProgramData\DockerDesktop\version-bin;Z:\matlab\bin;C:\PROGRA~1\IBM\SQLLIB\BIN;C:\PROGRA~1\IBM\SQLLIB\FUNCTION;C:\PROGRA~1\IBM\SQLLIB\SAMPLES\REPL;C:\Program Files\IBM\SPSS\Statistics\24\JRE\bin;C:\python37\Scripts\;C:\python37\;Z:\Scripts\;Z:\;C:\Program Files\MySQL\MySQL Shell 8.0\bin\;C:\Users\Gu HungJou\AppData\Local\Microsoft\WindowsApps;C:\Users\Gu HungJou\.dotnet\tools;C:\Program Files (x86)\Devart\EntityDeveloper\Console;E:\Microsoft VS Code\bin;E:\mingw-w64-v8.0.2;C:\MinGW\bin;E:\;C:\ProgramData\Gu HungJou\GitHubDesktop\bin;C:\Users\Gu HungJou\AppData\Local\GitHubDesktop\bin;C:\Users\Gu HungJou\AppData\Roaming\npm;;E:\PyCharm 2021.3.1\bin;
USERNAME=Gu HungJou
OS=Windows_NT
PROCESSOR_IDENTIFIER=AMD64 Family 23 Model 96 Stepping 1, AuthenticAMD



---------------  S Y S T E M  ---------------

OS: Windows 10.0 , 64 bit Build 22598 (10.0.22598.1)

CPU:total 16 (initial active 16) (16 cores per cpu, 1 threads per core) family 23 model 96 stepping 1, cmov, cx8, fxsr, mmx, sse, sse2, sse3, ssse3, sse4.1, sse4.2, popcnt, avx, avx2, aes, clmul, mmxext, 3dnowpref, lzcnt, sse4a, tsc, tscinvbit, tscinv, bmi1

Memory: 4k page, physical 16119108k(306952k free), swap 32502848k(2892k free)

vm_info: Java HotSpot(TM) 64-Bit Server VM (25.141-b15) for windows-amd64 JRE (1.8.0_141-b15), built on Jul 12 2017 04:25:12 by "java_re" with MS VC++ 10.0 (VS2010)

time: Sat Apr 23 22:09:00 2022
elapsed time: 6 seconds (0d 0h 0m 6s)

